18:08:44.366         sip_endpoint.c  .Module "mod-pjsua-log" registered
18:08:44.366         sip_endpoint.c  .Module "mod-tsx-layer" registered
18:08:44.366         sip_endpoint.c  .Module "mod-stateful-util" registered
18:08:44.366         sip_endpoint.c  .Module "mod-ua" registered
18:08:44.366         sip_endpoint.c  .Module "mod-100rel" registered
18:08:44.366         sip_endpoint.c  .Module "mod-pjsua" registered
18:08:44.366         sip_endpoint.c  .Module "mod-invite" registered
18:08:44.403        coreaudio_dev.c  ..core audio detected 2 devices
18:08:44.405        coreaudio_dev.c  .. dev_id 0: Built-in Output  (in=0, out=2) 44100Hz
18:08:44.406        coreaudio_dev.c  .. dev_id 1: Built-in Microphone  (in=2, out=0) 44100Hz
18:08:44.406        coreaudio_dev.c  ..core audio initialized
18:08:44.406                  pjlib  ..select() I/O Queue created (0x101053028)
18:08:44.407         sip_endpoint.c  .Module "mod-evsub" registered
18:08:44.407         sip_endpoint.c  .Module "mod-presence" registered
18:08:44.407         sip_endpoint.c  .Module "mod-mwi" registered
18:08:44.407         sip_endpoint.c  .Module "mod-refer" registered
18:08:44.407         sip_endpoint.c  .Module "mod-pjsua-pres" registered
18:08:44.407         sip_endpoint.c  .Module "mod-pjsua-im" registered
18:08:44.407         sip_endpoint.c  .Module "mod-pjsua-options" registered
18:08:44.407           pjsua_core.c  .No SIP worker threads created
18:08:44.407           pjsua_core.c  .pjsua version 2.8 for Darwin-18.2/x86_64 initialized
18:08:44.407           pjsua_core.c  .PJSUA state changed: CREATED --> INIT
18:08:44.407           pjsua_core.c  SIP UDP socket reachable at 192.168.1.50:52532
18:08:44.407         udp0x10045c4d0  SIP UDP transport started, published address is 192.168.1.50:52532
18:08:44.407           pjsua_core.c  PJSUA state changed: INIT --> STARTING
18:08:44.407         sip_endpoint.c  .Module "mod-unsolicited-mwi" registered
18:08:44.407           pjsua_core.c  .PJSUA state changed: STARTING --> RUNNING
18:08:44.409            pjsua_acc.c  Adding account: id=<sip:cp7181737887811148893965692@phone.plivo.com>
18:08:44.409            pjsua_acc.c  .Account <sip:cp7181737887811148893965692@phone.plivo.com> added with id 0
18:08:44.409            pjsua_acc.c  .Acc 0: setting registration..
18:08:44.410           pjsua_core.c  ...TX 633 bytes Request msg REGISTER/cseq=30334 (tdta0x10106dea8) to UDP 52.9.254.127:5060:
REGISTER sip:phone.plivo.com SIP/2.0
Via: SIP/2.0/UDP 192.168.1.50:52532;rport;branch=z9hG4bKPjC5BA423A-E5B3-4926-87C4-04831A2BF2E5
Route: <sip:phone.plivo.com;lr>
Max-Forwards: 70
From: <sip:cp7181737887811148893965692@phone.plivo.com>;tag=A08B39B6-54DE-490E-8A67-E8BE37381741
To: <sip:cp7181737887811148893965692@phone.plivo.com>
Call-ID: 9DDF720E-7357-4508-9111-C66CF0A173AA
CSeq: 30334 REGISTER
User-Agent: pjsip python
Contact: <sip:cp7181737887811148893965692@192.168.1.50:52532;ob>
Expires: 300
Allow: PRACK, INVITE, ACK, BYE, CANCEL, UPDATE, INFO, SUBSCRIBE, NOTIFY, REFER, MESSAGE, OPTIONS
Content-Length:  0


--end msg--
18:08:44.410            pjsua_acc.c  ..Acc 0: Registration sent
18:08:44.793           pjsua_core.c !.RX 542 bytes Response msg 401/REGISTER/cseq=30334 (rdata0x10106ae28) from UDP 52.9.254.127:5060:
SIP/2.0 401 Unauthorized
Via: SIP/2.0/UDP 192.168.1.50:52532;rport=52532;branch=z9hG4bKPjC5BA423A-E5B3-4926-87C4-04831A2BF2E5;received=192.168.1.50
From: <sip:cp7181737887811148893965692@phone.plivo.com>;tag=A08B39B6-54DE-490E-8A67-E8BE37381741
To: <sip:cp7181737887811148893965692@phone.plivo.com>;tag=378adae1ddc71986618d85886edb3f8b.2067
Call-ID: 9DDF720E-7357-4508-9111-C66CF0A173AA
CSeq: 30334 REGISTER
WWW-Authenticate: Digest realm="phone.plivo.com", nonce="XJ4TAFyeEdS34nX5FQrbdewXVtIfaG23"
Server: Plivo
Content-Length: 0


--end msg--
18:08:44.793           pjsua_core.c  ....TX 834 bytes Request msg REGISTER/cseq=30335 (tdta0x10106dea8) to UDP 52.9.254.127:5060:
REGISTER sip:phone.plivo.com SIP/2.0
Via: SIP/2.0/UDP 192.168.1.50:52532;rport;branch=z9hG4bKPjD6FF8AE6-6D0E-467E-9F32-ACEB03B32464
Route: <sip:phone.plivo.com;lr>
Max-Forwards: 70
From: <sip:cp7181737887811148893965692@phone.plivo.com>;tag=A08B39B6-54DE-490E-8A67-E8BE37381741
To: <sip:cp7181737887811148893965692@phone.plivo.com>
Call-ID: 9DDF720E-7357-4508-9111-C66CF0A173AA
CSeq: 30335 REGISTER
User-Agent: pjsip python
Contact: <sip:cp7181737887811148893965692@192.168.1.50:52532;ob>
Expires: 300
Allow: PRACK, INVITE, ACK, BYE, CANCEL, UPDATE, INFO, SUBSCRIBE, NOTIFY, REFER, MESSAGE, OPTIONS
Authorization: Digest username="cp7181737887811148893965692", realm="phone.plivo.com", nonce="XJ4TAFyeEdS34nX5FQrbdewXVtIfaG23", uri="sip:phone.plivo.com", response="a01af3055066edfba27b615515d5d473"
Content-Length:  0


--end msg--
18:08:45.060           pjsua_core.c  .RX 518 bytes Response msg 200/REGISTER/cseq=30335 (rdata0x10089ce28) from UDP 52.9.254.127:5060:
SIP/2.0 200 OK
Via: SIP/2.0/UDP 192.168.1.50:52532;rport=52532;branch=z9hG4bKPjD6FF8AE6-6D0E-467E-9F32-ACEB03B32464;received=192.168.1.50
From: <sip:cp7181737887811148893965692@phone.plivo.com>;tag=A08B39B6-54DE-490E-8A67-E8BE37381741
To: <sip:cp7181737887811148893965692@phone.plivo.com>;tag=378adae1ddc71986618d85886edb3f8b.831c
Call-ID: 9DDF720E-7357-4508-9111-C66CF0A173AA
CSeq: 30335 REGISTER
Contact: <sip:cp7181737887811148893965692@192.168.1.50:52532;ob>;expires=300
Server: Plivo
Content-Length: 0


--end msg--
18:08:45.060            pjsua_acc.c  ....SIP outbound status for acc 0 is not active
18:08:45.060            pjsua_acc.c  ....<sip:cp7181737887811148893965692@phone.plivo.com>: registration success, status=200 (OK), will re-register in 300 seconds
18:08:45.060            pjsua_acc.c  ....Keep-alive timer started for acc 0, destination:52.9.254.127:5060:15, interval:0s
18:08:53.496           pjsua_call.c !Making call with acc #0 to sip:cp36617722846686364376856@phone.plivo.com
18:08:53.496            pjsua_aud.c  .Set sound device: capture=-1, playback=-2
18:08:53.496            pjsua_aud.c  ..Opening sound device (speaker + mic) PCM@16000/1/20ms
18:08:53.514          ec0x100463e70  ...AEC created, clock_rate=16000, channel=1, samples per frame=320, tail length=200 ms, latency=0 ms
18:08:53.514        coreaudio_dev.c  ...core audio stream started
18:08:54.232          pjsua_media.c  .Call 0: initializing media..
18:08:54.233          pjsua_media.c  ..RTP socket reachable at 192.168.1.50:56470
18:08:54.233          pjsua_media.c  ..RTCP socket reachable at 192.168.1.50:56471
18:08:54.233          pjsua_media.c  ..Media index 0 selected for audio call 0
18:08:54.234           pjsua_core.c  ....TX 1269 bytes Request msg INVITE/cseq=4730 (tdta0x1010deca8) to UDP 52.9.254.127:5060:
INVITE sip:cp36617722846686364376856@phone.plivo.com SIP/2.0
Via: SIP/2.0/UDP 192.168.1.50:52532;rport;branch=z9hG4bKPj612D8391-C9B9-4533-84DC-0261C317DF6C
Max-Forwards: 70
From: <sip:cp7181737887811148893965692@phone.plivo.com>;tag=33A13C14-8D43-4630-B2E7-4C50406D7C1C
To: sip:cp36617722846686364376856@phone.plivo.com
Contact: <sip:cp7181737887811148893965692@192.168.1.50:52532;ob>
Call-ID: A91E9F57-21DE-403A-9621-B7D5F55F7570
CSeq: 4730 INVITE
Route: <sip:phone.plivo.com;lr>
Allow: PRACK, INVITE, ACK, BYE, CANCEL, UPDATE, INFO, SUBSCRIBE, NOTIFY, REFER, MESSAGE, OPTIONS
Supported: replaces, 100rel, timer, norefersub
Session-Expires: 1800
Min-SE: 90
User-Agent: pjsip python
Content-Type: application/sdp
Content-Length:   516

v=0
o=- 3762851934 3762851934 IN IP4 192.168.1.50
s=pjmedia
b=AS:84
t=0 0
a=X-nat:0
m=audio 56470 RTP/AVP 98 97 99 104 3 0 8 9 96
c=IN IP4 192.168.1.50
b=TIAS:64000
a=rtcp:56471 IN IP4 192.168.1.50
a=sendrecv
a=rtpmap:98 speex/16000
a=rtpmap:97 speex/8000
a=rtpmap:99 speex/32000
a=rtpmap:104 iLBC/8000
a=fmtp:104 mode=30
a=rtpmap:3 GSM/8000
a=rtpmap:0 PCMU/8000
a=rtpmap:8 PCMA/8000
a=rtpmap:9 G722/8000
a=rtpmap:96 telephone-event/8000
a=fmtp:96 0-16
a=ssrc:432841389 cname:37e7c30250b3d4fa

--end msg--
18:08:54.510           pjsua_core.c !.RX 566 bytes Response msg 407/INVITE/cseq=4730 (rdata0x10200b428) from UDP 52.9.254.127:5060:
SIP/2.0 407 Proxy Authentication Required
Via: SIP/2.0/UDP 192.168.1.50:52532;rport=52532;branch=z9hG4bKPj612D8391-C9B9-4533-84DC-0261C317DF6C;received=192.168.1.50
From: <sip:cp7181737887811148893965692@phone.plivo.com>;tag=33A13C14-8D43-4630-B2E7-4C50406D7C1C
To: sip:cp36617722846686364376856@phone.plivo.com;tag=378adae1ddc71986618d85886edb3f8b.6bdd
Call-ID: A91E9F57-21DE-403A-9621-B7D5F55F7570
CSeq: 4730 INVITE
Proxy-Authenticate: Digest realm="phone.plivo.com", nonce="XJ4TClyeEd6imxY6x6k1GA8/rpZET/Xa", qop="auth"
Server: Plivo
Content-Length: 0


--end msg--
18:08:54.510           pjsua_core.c  ..TX 482 bytes Request msg ACK/cseq=4730 (tdta0x1008a0ea8) to UDP 52.9.254.127:5060:
ACK sip:cp36617722846686364376856@phone.plivo.com SIP/2.0
Via: SIP/2.0/UDP 192.168.1.50:52532;rport;branch=z9hG4bKPj612D8391-C9B9-4533-84DC-0261C317DF6C
Max-Forwards: 70
From: <sip:cp7181737887811148893965692@phone.plivo.com>;tag=33A13C14-8D43-4630-B2E7-4C50406D7C1C
To: sip:cp36617722846686364376856@phone.plivo.com;tag=378adae1ddc71986618d85886edb3f8b.6bdd
Call-ID: A91E9F57-21DE-403A-9621-B7D5F55F7570
CSeq: 4730 ACK
Route: <sip:phone.plivo.com;lr>
Content-Length:  0


--end msg--
18:08:54.511         tsx0x1008a52a8  .......Temporary failure in sending Request msg INVITE/cseq=4731 (tdta0x1010deca8), will try next server: Unsupported transport (PJSIP_EUNSUPTRANSPORT)
18:08:54.511         tsx0x1008a52a8  .......Temporary failure in sending Request msg INVITE/cseq=4731 (tdta0x1010deca8), will try next server: Unsupported transport (PJSIP_EUNSUPTRANSPORT)
18:08:54.511         tsx0x1008a52a8  .......Temporary failure in sending Request msg INVITE/cseq=4731 (tdta0x1010deca8), will try next server: Unsupported transport (PJSIP_EUNSUPTRANSPORT)
18:08:54.511         tsx0x1008a52a8  .......Temporary failure in sending Request msg INVITE/cseq=4731 (tdta0x1010deca8), will try next server: Unsupported transport (PJSIP_EUNSUPTRANSPORT)
18:08:54.511           pjsua_core.c  .......TX 1572 bytes Request msg INVITE/cseq=4731 (tdta0x1010deca8) to UDP 52.9.254.127:5060:
INVITE sip:cp36617722846686364376856@phone.plivo.com SIP/2.0
Via: SIP/2.0/UDP 192.168.1.50:52532;rport;branch=z9hG4bKPj5932C9FD-14AC-4BD9-B0C7-E0CD7C2BC3E8
Max-Forwards: 70
From: <sip:cp7181737887811148893965692@phone.plivo.com>;tag=33A13C14-8D43-4630-B2E7-4C50406D7C1C
To: sip:cp36617722846686364376856@phone.plivo.com
Contact: <sip:cp7181737887811148893965692@192.168.1.50:52532;ob>
Call-ID: A91E9F57-21DE-403A-9621-B7D5F55F7570
CSeq: 4731 INVITE
Route: <sip:phone.plivo.com;lr>
Allow: PRACK, INVITE, ACK, BYE, CANCEL, UPDATE, INFO, SUBSCRIBE, NOTIFY, REFER, MESSAGE, OPTIONS
Supported: replaces, 100rel, timer, norefersub
Session-Expires: 1800
Min-SE: 90
User-Agent: pjsip python
Proxy-Authorization: Digest username="cp7181737887811148893965692", realm="phone.plivo.com", nonce="XJ4TClyeEd6imxY6x6k1GA8/rpZET/Xa", uri="sip:cp36617722846686364376856@phone.plivo.com", response="4d10ac0f8ed4bcdbe65254ce45c08403", cnonce="45344AA0-5ADE-46E7-B38D-66727630FF1B", qop=auth, nc=00000001
Content-Type: application/sdp
Content-Length:   516

v=0
o=- 3762851934 3762851934 IN IP4 192.168.1.50
s=pjmedia
b=AS:84
t=0 0
a=X-nat:0
m=audio 56470 RTP/AVP 98 97 99 104 3 0 8 9 96
c=IN IP4 192.168.1.50
b=TIAS:64000
a=rtcp:56471 IN IP4 192.168.1.50
a=sendrecv
a=rtpmap:98 speex/16000
a=rtpmap:97 speex/8000
a=rtpmap:99 speex/32000
a=rtpmap:104 iLBC/8000
a=fmtp:104 mode=30
a=rtpmap:3 GSM/8000
a=rtpmap:0 PCMU/8000
a=rtpmap:8 PCMA/8000
a=rtpmap:9 G722/8000
a=rtpmap:96 telephone-event/8000
a=fmtp:96 0-16
a=ssrc:432841389 cname:37e7c30250b3d4fa

--end msg--
18:08:54.780           pjsua_core.c  .RX 427 bytes Response msg 100/INVITE/cseq=4731 (rdata0x1008a5a28) from UDP 52.9.254.127:5060:
SIP/2.0 100 trying -- your call is important to us
Via: SIP/2.0/UDP 192.168.1.50:52532;rport=52532;branch=z9hG4bKPj5932C9FD-14AC-4BD9-B0C7-E0CD7C2BC3E8;received=192.168.1.50
From: <sip:cp7181737887811148893965692@phone.plivo.com>;tag=33A13C14-8D43-4630-B2E7-4C50406D7C1C
To: sip:cp36617722846686364376856@phone.plivo.com
Call-ID: A91E9F57-21DE-403A-9621-B7D5F55F7570
CSeq: 4731 INVITE
Server: Plivo
Content-Length: 0


--end msg--
18:08:57.522           pjsua_core.c  .RX 1250 bytes Response msg 183/INVITE/cseq=4731 (rdata0x10200b428) from UDP 52.9.254.127:5060:
SIP/2.0 183 Session Progress
Via: SIP/2.0/UDP 192.168.1.50:52532;received=192.168.1.50;rport=52532;branch=z9hG4bKPj5932C9FD-14AC-4BD9-B0C7-E0CD7C2BC3E8
Record-Route: <sip:52.9.254.127;lr=on;ftag=33A13C14-8D43-4630-B2E7-4C50406D7C1C;did=aaf.0103>
From: <sip:cp7181737887811148893965692@phone.plivo.com>;tag=33A13C14-8D43-4630-B2E7-4C50406D7C1C
To: <sip:cp36617722846686364376856@phone.plivo.com>;tag=r1K1jrUg4am5S
Call-ID: A91E9F57-21DE-403A-9621-B7D5F55F7570
CSeq: 4731 INVITE
Contact: <sip:cp36617722846686364376856@52.220.63.151:5060;transport=udp>
User-Agent: Plivo
Accept: application/sdp
Allow: INVITE, ACK, BYE, CANCEL, OPTIONS, MESSAGE, INFO, UPDATE, REFER, NOTIFY
Supported: path, replaces
Allow-Events: talk, hold, conference, refer
Content-Type: application/sdp
Content-Disposition: session
Content-Length: 281
Remote-Party-ID: "cp36617722846686364376856" <sip:cp36617722846686364376856@phone.plivo.com>;party=calling;privacy=off;screen=no

v=0
o=FreeSWITCH 1553831785 1553831786 IN IP4 52.220.63.151
s=FreeSWITCH
c=IN IP4 52.220.63.151
t=0 0
m=audio 31352 RTP/AVP 0 96
a=rtpmap:0 PCMU/8000
a=rtpmap:96 telephone-event/8000
a=fmtp:96 0-16
a=silenceSupp:off - - - -
a=ptime:20
a=rtcp:31353 IN IP4 52.220.63.151

--end msg--
18:08:57.523          pjsua_media.c  .....Call 0: updating media..
18:08:57.523          pjsua_media.c  .......Media stream call00:0 is destroyed
18:08:57.523            pjsua_aud.c  ......Audio channel update..
18:08:57.523        strm0x102014028  .......VAD temporarily disabled
18:08:57.524        strm0x102014028  .......Encoder stream started
18:08:57.524        strm0x102014028  .......Decoder stream started
18:08:57.524          pjsua_media.c  ......Audio updated, stream #0: PCMU (sendrecv)
18:08:57.524            pjsua_aud.c  .....Conf connect: 1 --> 0
18:08:57.524           conference.c  ......Port 1 (sip:cp36617722846686364376856@phone.plivo.com) transmitting to port 0 (Built-in Microphone)
18:08:57.524            pjsua_aud.c  .....Conf connect: 0 --> 1
18:08:57.524           conference.c  ......Port 0 (Built-in Microphone) transmitting to port 1 (sip:cp36617722846686364376856@phone.plivo.com)
18:08:57.543        strm0x102014028 !Error sending RTP: Operation not permitted
18:08:58.170        strm0x102014028  VAD re-enabled
18:08:58.623           sound_port.c  EC suspended because of inactivity
18:08:59.424           sound_port.c  EC activated
18:08:59.923        strm0x102014028  Sending RTP resumed
18:09:07.031           pjsua_core.c !.RX 751 bytes Response msg 486/INVITE/cseq=4731 (rdata0x10200b428) from UDP 52.9.254.127:5060:
SIP/2.0 486 Busy Here
Via: SIP/2.0/UDP 192.168.1.50:52532;received=192.168.1.50;rport=52532;branch=z9hG4bKPj5932C9FD-14AC-4BD9-B0C7-E0CD7C2BC3E8
Max-Forwards: 42
From: <sip:cp7181737887811148893965692@phone.plivo.com>;tag=33A13C14-8D43-4630-B2E7-4C50406D7C1C
To: <sip:cp36617722846686364376856@phone.plivo.com>;tag=r1K1jrUg4am5S
Call-ID: A91E9F57-21DE-403A-9621-B7D5F55F7570
CSeq: 4731 INVITE
User-Agent: Plivo
Allow: INVITE, ACK, BYE, CANCEL, OPTIONS, MESSAGE, INFO, UPDATE, REFER, NOTIFY
Supported: path, replaces
Allow-Events: talk, hold, conference, refer
Reason: Q.850;cause=17;text="USER_BUSY"
Content-Length: 0
Remote-Party-ID: "Outbound Call" <sip:cp36617722846686364376856@phone.plivo.com>;party=calling;privacy=off;screen=no


--end msg--
18:09:07.031           pjsua_core.c  ..TX 458 bytes Request msg ACK/cseq=4731 (tdta0x1018062a8) to UDP 52.9.254.127:5060:
ACK sip:cp36617722846686364376856@phone.plivo.com SIP/2.0
Via: SIP/2.0/UDP 192.168.1.50:52532;rport;branch=z9hG4bKPj5932C9FD-14AC-4BD9-B0C7-E0CD7C2BC3E8
Max-Forwards: 70
From: <sip:cp7181737887811148893965692@phone.plivo.com>;tag=33A13C14-8D43-4630-B2E7-4C50406D7C1C
To: sip:cp36617722846686364376856@phone.plivo.com;tag=r1K1jrUg4am5S
Call-ID: A91E9F57-21DE-403A-9621-B7D5F55F7570
CSeq: 4731 ACK
Route: <sip:phone.plivo.com;lr>
Content-Length:  0


--end msg--
18:09:07.032          pjsua_media.c  .....Call 0: deinitializing media..
18:09:07.032          pjsua_media.c  .......Media stream call00:0 is destroyed
18:09:08.074            pjsua_aud.c  Closing sound device after idle for 1 second(s)
18:09:08.076            pjsua_aud.c  .Closing Built-in Output sound playback device and Built-in Microphone sound capture device
18:09:08.132        coreaudio_dev.c  .core audio stream stopped
18:09:54.458           pjsua_call.c !Making call with acc #0 to sip:cp36617722846686364376856@phone.plivo.com
18:09:54.458            pjsua_aud.c  .Set sound device: capture=-1, playback=-2
18:09:54.458            pjsua_aud.c  ..Opening sound device (speaker + mic) PCM@16000/1/20ms
18:09:54.469          ec0x100709290  ...AEC created, clock_rate=16000, channel=1, samples per frame=320, tail length=200 ms, latency=0 ms
18:09:54.469        coreaudio_dev.c  ...core audio stream started
18:09:55.184          pjsua_media.c  .Call 1: initializing media..
18:09:55.184          pjsua_media.c  ..RTP socket reachable at 192.168.1.50:60235
18:09:55.184          pjsua_media.c  ..RTCP socket reachable at 192.168.1.50:60236
18:09:55.184          pjsua_media.c  ..Media index 0 selected for audio call 1
18:09:55.185           pjsua_core.c  ....TX 1271 bytes Request msg INVITE/cseq=23943 (tdta0x1008a6aa8) to UDP 52.9.254.123:5060:
INVITE sip:cp36617722846686364376856@phone.plivo.com SIP/2.0
Via: SIP/2.0/UDP 192.168.1.50:52532;rport;branch=z9hG4bKPj84BBD02D-0788-4E1C-A196-9049FB39D9C4
Max-Forwards: 70
From: <sip:cp7181737887811148893965692@phone.plivo.com>;tag=EF4DEFA0-3C4C-488F-9C58-E3C17E2E01D6
To: sip:cp36617722846686364376856@phone.plivo.com
Contact: <sip:cp7181737887811148893965692@192.168.1.50:52532;ob>
Call-ID: 6CE12C09-E472-49CF-B83A-7AC58360D9E7
CSeq: 23943 INVITE
Route: <sip:phone.plivo.com;lr>
Allow: PRACK, INVITE, ACK, BYE, CANCEL, UPDATE, INFO, SUBSCRIBE, NOTIFY, REFER, MESSAGE, OPTIONS
Supported: replaces, 100rel, timer, norefersub
Session-Expires: 1800
Min-SE: 90
User-Agent: pjsip python
Content-Type: application/sdp
Content-Length:   517

v=0
o=- 3762851995 3762851995 IN IP4 192.168.1.50
s=pjmedia
b=AS:84
t=0 0
a=X-nat:0
m=audio 60235 RTP/AVP 98 97 99 104 3 0 8 9 96
c=IN IP4 192.168.1.50
b=TIAS:64000
a=rtcp:60236 IN IP4 192.168.1.50
a=sendrecv
a=rtpmap:98 speex/16000
a=rtpmap:97 speex/8000
a=rtpmap:99 speex/32000
a=rtpmap:104 iLBC/8000
a=fmtp:104 mode=30
a=rtpmap:3 GSM/8000
a=rtpmap:0 PCMU/8000
a=rtpmap:8 PCMA/8000
a=rtpmap:9 G722/8000
a=rtpmap:96 telephone-event/8000
a=fmtp:96 0-16
a=ssrc:1085521525 cname:54bbc6f47402e8a1

--end msg--
18:09:55.514           pjsua_core.c !.RX 567 bytes Response msg 407/INVITE/cseq=23943 (rdata0x10180a228) from UDP 52.9.254.123:5060:
SIP/2.0 407 Proxy Authentication Required
Via: SIP/2.0/UDP 192.168.1.50:52532;rport=52532;branch=z9hG4bKPj84BBD02D-0788-4E1C-A196-9049FB39D9C4;received=192.168.1.50
From: <sip:cp7181737887811148893965692@phone.plivo.com>;tag=EF4DEFA0-3C4C-488F-9C58-E3C17E2E01D6
To: sip:cp36617722846686364376856@phone.plivo.com;tag=4135bef2654efcf6e76e132478119da9.c81f
Call-ID: 6CE12C09-E472-49CF-B83A-7AC58360D9E7
CSeq: 23943 INVITE
Proxy-Authenticate: Digest realm="phone.plivo.com", nonce="XJ4TR1yeEhuZL5dUCf1KA9fbuimE8Eae", qop="auth"
Server: Plivo
Content-Length: 0


--end msg--
18:09:55.514           pjsua_core.c  ..TX 483 bytes Request msg ACK/cseq=23943 (tdta0x1008aa2a8) to UDP 52.9.254.123:5060:
ACK sip:cp36617722846686364376856@phone.plivo.com SIP/2.0
Via: SIP/2.0/UDP 192.168.1.50:52532;rport;branch=z9hG4bKPj84BBD02D-0788-4E1C-A196-9049FB39D9C4
Max-Forwards: 70
From: <sip:cp7181737887811148893965692@phone.plivo.com>;tag=EF4DEFA0-3C4C-488F-9C58-E3C17E2E01D6
To: sip:cp36617722846686364376856@phone.plivo.com;tag=4135bef2654efcf6e76e132478119da9.c81f
Call-ID: 6CE12C09-E472-49CF-B83A-7AC58360D9E7
CSeq: 23943 ACK
Route: <sip:phone.plivo.com;lr>
Content-Length:  0


--end msg--
18:09:55.515         tsx0x1008ae6a8  .......Temporary failure in sending Request msg INVITE/cseq=23944 (tdta0x1008a6aa8), will try next server: Unsupported transport (PJSIP_EUNSUPTRANSPORT)
18:09:55.515         tsx0x1008ae6a8  .......Temporary failure in sending Request msg INVITE/cseq=23944 (tdta0x1008a6aa8), will try next server: Unsupported transport (PJSIP_EUNSUPTRANSPORT)
18:09:55.515         tsx0x1008ae6a8  .......Temporary failure in sending Request msg INVITE/cseq=23944 (tdta0x1008a6aa8), will try next server: Unsupported transport (PJSIP_EUNSUPTRANSPORT)
18:09:55.515         tsx0x1008ae6a8  .......Temporary failure in sending Request msg INVITE/cseq=23944 (tdta0x1008a6aa8), will try next server: Unsupported transport (PJSIP_EUNSUPTRANSPORT)
18:09:55.515           pjsua_core.c  .......TX 1574 bytes Request msg INVITE/cseq=23944 (tdta0x1008a6aa8) to UDP 52.9.254.123:5060:
INVITE sip:cp36617722846686364376856@phone.plivo.com SIP/2.0
Via: SIP/2.0/UDP 192.168.1.50:52532;rport;branch=z9hG4bKPj2565CF67-7B0B-40F4-BF52-03C6828D5082
Max-Forwards: 70
From: <sip:cp7181737887811148893965692@phone.plivo.com>;tag=EF4DEFA0-3C4C-488F-9C58-E3C17E2E01D6
To: sip:cp36617722846686364376856@phone.plivo.com
Contact: <sip:cp7181737887811148893965692@192.168.1.50:52532;ob>
Call-ID: 6CE12C09-E472-49CF-B83A-7AC58360D9E7
CSeq: 23944 INVITE
Route: <sip:phone.plivo.com;lr>
Allow: PRACK, INVITE, ACK, BYE, CANCEL, UPDATE, INFO, SUBSCRIBE, NOTIFY, REFER, MESSAGE, OPTIONS
Supported: replaces, 100rel, timer, norefersub
Session-Expires: 1800
Min-SE: 90
User-Agent: pjsip python
Proxy-Authorization: Digest username="cp7181737887811148893965692", realm="phone.plivo.com", nonce="XJ4TR1yeEhuZL5dUCf1KA9fbuimE8Eae", uri="sip:cp36617722846686364376856@phone.plivo.com", response="7398f44e0a8ba563eb30e9100432510a", cnonce="0776C2C0-F7DD-4ACD-B30C-89455B66DE19", qop=auth, nc=00000001
Content-Type: application/sdp
Content-Length:   517

v=0
o=- 3762851995 3762851995 IN IP4 192.168.1.50
s=pjmedia
b=AS:84
t=0 0
a=X-nat:0
m=audio 60235 RTP/AVP 98 97 99 104 3 0 8 9 96
c=IN IP4 192.168.1.50
b=TIAS:64000
a=rtcp:60236 IN IP4 192.168.1.50
a=sendrecv
a=rtpmap:98 speex/16000
a=rtpmap:97 speex/8000
a=rtpmap:99 speex/32000
a=rtpmap:104 iLBC/8000
a=fmtp:104 mode=30
a=rtpmap:3 GSM/8000
a=rtpmap:0 PCMU/8000
a=rtpmap:8 PCMA/8000
a=rtpmap:9 G722/8000
a=rtpmap:96 telephone-event/8000
a=fmtp:96 0-16
a=ssrc:1085521525 cname:54bbc6f47402e8a1

--end msg--
18:09:55.839           pjsua_core.c  .RX 428 bytes Response msg 100/INVITE/cseq=23944 (rdata0x1008aee28) from UDP 52.9.254.123:5060:
SIP/2.0 100 trying -- your call is important to us
Via: SIP/2.0/UDP 192.168.1.50:52532;rport=52532;branch=z9hG4bKPj2565CF67-7B0B-40F4-BF52-03C6828D5082;received=192.168.1.50
From: <sip:cp7181737887811148893965692@phone.plivo.com>;tag=EF4DEFA0-3C4C-488F-9C58-E3C17E2E01D6
To: sip:cp36617722846686364376856@phone.plivo.com
Call-ID: 6CE12C09-E472-49CF-B83A-7AC58360D9E7
CSeq: 23944 INVITE
Server: Plivo
Content-Length: 0


--end msg--
18:09:58.503           pjsua_core.c  .RX 789 bytes Response msg 486/INVITE/cseq=23944 (rdata0x1008aee28) from UDP 52.9.254.123:5060:
SIP/2.0 486 Busy Here
Via: SIP/2.0/UDP 192.168.1.50:52532;received=192.168.1.50;rport=52532;branch=z9hG4bKPj2565CF67-7B0B-40F4-BF52-03C6828D5082
Max-Forwards: 42
From: <sip:cp7181737887811148893965692@phone.plivo.com>;tag=EF4DEFA0-3C4C-488F-9C58-E3C17E2E01D6
To: <sip:cp36617722846686364376856@phone.plivo.com>;tag=yt617ZHrXQmrQ
Call-ID: 6CE12C09-E472-49CF-B83A-7AC58360D9E7
CSeq: 23944 INVITE
User-Agent: Plivo
Accept: application/sdp
Allow: INVITE, ACK, BYE, CANCEL, OPTIONS, MESSAGE, INFO, UPDATE, REFER, NOTIFY
Supported: path, replaces
Allow-Events: talk, hold, conference, refer
Reason: Q.850;cause=17;text="USER_BUSY"
Content-Length: 0
Remote-Party-ID: "cp36617722846686364376856" <sip:cp36617722846686364376856@phone.plivo.com>;party=calling;privacy=off;screen=no


--end msg--
18:09:58.503           pjsua_core.c  ..TX 459 bytes Request msg ACK/cseq=23944 (tdta0x10106f8a8) to UDP 52.9.254.123:5060:
ACK sip:cp36617722846686364376856@phone.plivo.com SIP/2.0
Via: SIP/2.0/UDP 192.168.1.50:52532;rport;branch=z9hG4bKPj2565CF67-7B0B-40F4-BF52-03C6828D5082
Max-Forwards: 70
From: <sip:cp7181737887811148893965692@phone.plivo.com>;tag=EF4DEFA0-3C4C-488F-9C58-E3C17E2E01D6
To: sip:cp36617722846686364376856@phone.plivo.com;tag=yt617ZHrXQmrQ
Call-ID: 6CE12C09-E472-49CF-B83A-7AC58360D9E7
CSeq: 23944 ACK
Route: <sip:phone.plivo.com;lr>
Content-Length:  0


--end msg--
18:09:58.504          pjsua_media.c  .....Call 1: deinitializing media..
18:09:58.504          pjsua_media.c  ......Call 1: cleaning up provisional media, prov_med_cnt=1, med_cnt=0
18:09:59.533            pjsua_aud.c  Closing sound device after idle for 1 second(s)
18:09:59.535            pjsua_aud.c  .Closing Built-in Output sound playback device and Built-in Microphone sound capture device
18:09:59.591        coreaudio_dev.c  .core audio stream stopped
18:10:08.882            pjsua_acc.c !Deleting account 0..
18:10:08.882            pjsua_acc.c  .Acc 0: setting unregistration..
18:10:08.895           pjsua_core.c  ...TX 533 bytes Request msg REGISTER/cseq=30336 (tdta0x1018062a8) to UDP 52.9.254.127:5060:
REGISTER sip:phone.plivo.com SIP/2.0
Via: SIP/2.0/UDP 192.168.1.50:52532;rport;branch=z9hG4bKPj7B11E817-6F4B-495D-8B3A-1168CA8E36E6
Route: <sip:phone.plivo.com;lr>
Max-Forwards: 70
From: <sip:cp7181737887811148893965692@phone.plivo.com>;tag=4545A0E0-B670-44FE-A4F3-64395FB489B0
To: <sip:cp7181737887811148893965692@phone.plivo.com>
Call-ID: 9DDF720E-7357-4508-9111-C66CF0A173AA
CSeq: 30336 REGISTER
User-Agent: pjsip python
Contact: <sip:cp7181737887811148893965692@192.168.1.50:52532;ob>
Expires: 0
Content-Length:  0


--end msg--
18:10:08.896            pjsua_acc.c  ..Acc 0: Unregistration sent
18:10:08.896            pjsua_acc.c  .Account id 0 deleted
18:10:08.953           pjsua_core.c  Shutting down, flags=0...
18:10:08.953           pjsua_core.c  PJSUA state changed: RUNNING --> CLOSING
18:10:08.953           pjsua_call.c  .Hangup all calls..
18:10:08.953          pjsua_media.c  .Call 0: deinitializing media..
18:10:08.953          pjsua_media.c  .Call 1: deinitializing media..
18:10:08.953          pjsua_media.c  .Call 2: deinitializing media..
18:10:08.953          pjsua_media.c  .Call 3: deinitializing media..
18:10:08.953           pjsua_pres.c  .Shutting down presence..
18:10:09.120           pjsua_core.c  ..RX 542 bytes Response msg 401/REGISTER/cseq=30336 (rdata0x102036428) from UDP 52.9.254.127:5060:
SIP/2.0 401 Unauthorized
Via: SIP/2.0/UDP 192.168.1.50:52532;rport=52532;branch=z9hG4bKPj7B11E817-6F4B-495D-8B3A-1168CA8E36E6;received=192.168.1.50
From: <sip:cp7181737887811148893965692@phone.plivo.com>;tag=4545A0E0-B670-44FE-A4F3-64395FB489B0
To: <sip:cp7181737887811148893965692@phone.plivo.com>;tag=378adae1ddc71986618d85886edb3f8b.603b
Call-ID: 9DDF720E-7357-4508-9111-C66CF0A173AA
CSeq: 30336 REGISTER
WWW-Authenticate: Digest realm="phone.plivo.com", nonce="XJ4TVVyeEik6KQjkg2xF0GwOZfVLhR6u"
Server: Plivo
Content-Length: 0


--end msg--
18:10:09.121           pjsua_core.c  .....TX 734 bytes Request msg REGISTER/cseq=30337 (tdta0x1018062a8) to UDP 52.9.254.127:5060:
REGISTER sip:phone.plivo.com SIP/2.0
Via: SIP/2.0/UDP 192.168.1.50:52532;rport;branch=z9hG4bKPj15AC933F-FA93-4069-9B8E-A11A7EE878C0
Route: <sip:phone.plivo.com;lr>
Max-Forwards: 70
From: <sip:cp7181737887811148893965692@phone.plivo.com>;tag=4545A0E0-B670-44FE-A4F3-64395FB489B0
To: <sip:cp7181737887811148893965692@phone.plivo.com>
Call-ID: 9DDF720E-7357-4508-9111-C66CF0A173AA
CSeq: 30337 REGISTER
User-Agent: pjsip python
Contact: <sip:cp7181737887811148893965692@192.168.1.50:52532;ob>
Expires: 0
Authorization: Digest username="cp7181737887811148893965692", realm="phone.plivo.com", nonce="XJ4TVVyeEik6KQjkg2xF0GwOZfVLhR6u", uri="sip:phone.plivo.com", response="e49b91c80927b1cab7b5808dc1604d78"
Content-Length:  0


--end msg--
18:10:09.350           pjsua_core.c  ..RX 440 bytes Response msg 200/REGISTER/cseq=30337 (rdata0x101070828) from UDP 52.9.254.127:5060:
SIP/2.0 200 OK
Via: SIP/2.0/UDP 192.168.1.50:52532;rport=52532;branch=z9hG4bKPj15AC933F-FA93-4069-9B8E-A11A7EE878C0;received=192.168.1.50
From: <sip:cp7181737887811148893965692@phone.plivo.com>;tag=4545A0E0-B670-44FE-A4F3-64395FB489B0
To: <sip:cp7181737887811148893965692@phone.plivo.com>;tag=378adae1ddc71986618d85886edb3f8b.0507
Call-ID: 9DDF720E-7357-4508-9111-C66CF0A173AA
CSeq: 30337 REGISTER
Server: Plivo
Content-Length: 0


--end msg--
18:10:09.965           pjsua_core.c  .Destroying...
18:10:09.965          pjsua_media.c  .Shutting down media..
18:10:10.435      sip_transaction.c  .Stopping transaction layer module
18:10:10.435      sip_transaction.c  .Stopped transaction layer module
18:10:10.435         sip_endpoint.c  .Module "mod-unsolicited-mwi" unregistered
18:10:10.435         sip_endpoint.c  .Module "mod-pjsua-options" unregistered
18:10:10.435         sip_endpoint.c  .Module "mod-pjsua-im" unregistered
18:10:10.435         sip_endpoint.c  .Module "mod-pjsua-pres" unregistered
18:10:10.435         sip_endpoint.c  .Module "mod-pjsua" unregistered
18:10:10.435         sip_endpoint.c  .Module "mod-stateful-util" unregistered
18:10:10.435         sip_endpoint.c  .Module "mod-refer" unregistered
18:10:10.435         sip_endpoint.c  .Module "mod-mwi" unregistered
18:10:10.435         sip_endpoint.c  .Module "mod-presence" unregistered
18:10:10.435         sip_endpoint.c  .Module "mod-evsub" unregistered
18:10:10.435         sip_endpoint.c  .Module "mod-invite" unregistered
18:10:10.435         sip_endpoint.c  .Module "mod-100rel" unregistered
18:10:10.435         sip_endpoint.c  .Module "mod-ua" unregistered
18:10:10.435      sip_transaction.c  .Transaction layer module destroyed
18:10:10.435         sip_endpoint.c  .Module "mod-tsx-layer" unregistered
18:10:10.435         sip_endpoint.c  .Module "mod-msg-print" unregistered
18:10:10.435         sip_endpoint.c  .Module "mod-pjsua-log" unregistered
18:10:10.436         udp0x10045c4d0  .SIP UDP transport destroyed
18:10:10.436         sip_endpoint.c  .Endpoint 0x100870aa8 destroyed
18:10:10.436           pjsua_core.c  .PJSUA state changed: CLOSING --> NULL
18:10:10.436           pjsua_core.c  .PJSUA destroyed...
